Starting PERIODIC_MONITOR, writing summaries to MONITOR_SUMMARY.log every 600s
2026-04-24 08:52:06 summary - counts={'exec_reject': 83, 'no_signals': 2, 'flat_portfolio': 6} top_rejections=[('KATUSDT', 288)] strategies={'PublishedIntent': 22, 'SwingTradeHunter': 3, 'TrendHunter': 5}
2026-04-24 09:02:06 summary - counts={'exec_reject': 121, 'no_signals': 3, 'flat_portfolio': 7} top_rejections=[('KATUSDT', 432)] strategies={'SwingTradeHunter': 4, 'TrendHunter': 3, 'PublishedIntent': 11}
2026-04-24 09:12:06 summary - counts={'no_signals': 2, 'flat_portfolio': 6, 'exec_reject': 85} top_rejections=[('KATUSDT', 360), ('DASHUSDT', 288), ('BTCUSDT', 216)] strategies={'PublishedIntent': 30, 'SwingTradeHunter': 7, 'TrendHunter': 5}
2026-04-24 09:22:06 summary - counts={'exec_reject': 96, 'no_signals': 2, 'flat_portfolio': 4} top_rejections=[('DASHUSDT', 576), ('KATUSDT', 432), ('BTCUSDT', 144)] strategies={'PublishedIntent': 13, 'SwingTradeHunter': 4, 'TrendHunter': 3}
2026-04-24 09:32:06 summary - counts={'exec_reject': 108, 'no_signals': 3, 'flat_portfolio': 6} top_rejections=[('KATUSDT', 432), ('DASHUSDT', 432)] strategies={'PublishedIntent': 14, 'SwingTradeHunter': 3, 'TrendHunter': 3}
2026-04-24 09:42:06 summary - counts={'exec_reject': 107, 'no_signals': 3, 'flat_portfolio': 6} top_rejections=[('LUNCUSDT', 864), ('DASHUSDT', 432)] strategies={'PublishedIntent': 13, 'MLForecaster': 1, 'SwingTradeHunter': 3, 'TrendHunter': 3}
2026-04-24 09:52:06 summary - counts={'exec_reject': 121, 'no_signals': 3, 'flat_portfolio': 6} top_rejections=[('LUNCUSDT', 864), ('DASHUSDT', 432)] strategies={'PublishedIntent': 13, 'MLForecaster': 1, 'SwingTradeHunter': 3, 'TrendHunter': 3}
2026-04-24 10:02:06 summary - counts={'no_signals': 1, 'flat_portfolio': 4, 'exec_reject': 52} top_rejections=[('LUNCUSDT', 576), ('DASHUSDT', 74), ('KATUSDT', 20)] strategies={'PublishedIntent': 42, 'MLForecaster': 3, 'SwingTradeHunter': 15, 'TrendHunter': 12}
2026-04-24 10:12:07 summary - counts={'flat_portfolio': 9, 'exec_reject': 105} top_rejections=[('KATUSDT', 432), ('LUNCUSDT', 432), ('BTCUSDT', 216)] strategies={'PublishedIntent': 17, 'MLForecaster': 1, 'SwingTradeHunter': 4, 'TrendHunter': 4}
2026-04-24 10:22:07 summary - counts={'flat_portfolio': 9, 'exec_reject': 127} top_rejections=[('KATUSDT', 675), ('LUNCUSDT', 540), ('DASHUSDT', 432), ('BTCUSDT', 216)] strategies={'PublishedIntent': 16, 'DipSniper': 1, 'MLForecaster': 1, 'SwingTradeHunter': 5, 'TrendHunter': 4}
2026-04-24 10:32:07 summary - counts={'no_signals': 3, 'flat_portfolio': 6, 'exec_reject': 129} top_rejections=[('LUNCUSDT', 864)] strategies={'PublishedIntent': 16, 'MLForecaster': 2, 'SwingTradeHunter': 3, 'TrendHunter': 4}
2026-04-24 10:42:07 summary - counts={'no_signals': 3, 'flat_portfolio': 6, 'exec_reject': 117} top_rejections=[('LUNCUSDT', 891), ('VANAUSDT', 594), ('DASHUSDT', 504)] strategies={'PublishedIntent': 16, 'MLForecaster': 2, 'SwingTradeHunter': 4, 'TrendHunter': 3}
2026-04-24 10:52:07 summary - counts={'no_signals': 3, 'flat_portfolio': 6, 'exec_reject': 130} top_rejections=[('DASHUSDT', 432)] strategies={'PublishedIntent': 16, 'MLForecaster': 2, 'SwingTradeHunter': 3, 'TrendHunter': 3}
2026-04-24 11:02:07 summary - counts={'flat_portfolio': 9, 'exec_reject': 128} top_rejections=[('DASHUSDT', 576), ('VANAUSDT', 576), ('KATUSDT', 288), ('BTCUSDT', 216)] strategies={'PublishedIntent': 16, 'MLForecaster': 2, 'SwingTradeHunter': 5, 'TrendHunter': 3}
2026-04-24 11:12:07 summary - counts={'exec_reject': 128, 'no_signals': 3, 'flat_portfolio': 6} top_rejections=[] strategies={'PublishedIntent': 17, 'SwingTradeHunter': 1, 'TrendHunter': 1}
2026-04-24 11:22:07 summary - counts={'no_signals': 3, 'flat_portfolio': 6, 'exec_reject': 124} top_rejections=[] strategies={'PublishedIntent': 17, 'SwingTradeHunter': 1, 'TrendHunter': 2}
2026-04-24 11:32:07 summary - counts={'no_signals': 3, 'flat_portfolio': 6, 'exec_reject': 116} top_rejections=[] strategies={'PublishedIntent': 14}
2026-04-24 11:42:07 summary - counts={'no_signals': 3, 'flat_portfolio': 6, 'exec_reject': 124} top_rejections=[] strategies={'PublishedIntent': 17, 'SwingTradeHunter': 1, 'TrendHunter': 1}
2026-04-24 11:52:07 summary - counts={'no_signals': 3, 'flat_portfolio': 6, 'exec_reject': 124} top_rejections=[] strategies={'PublishedIntent': 17, 'SwingTradeHunter': 1, 'TrendHunter': 1}
2026-04-24 12:02:07 summary - counts={'exec_reject': 43, 'bypass': 1} top_rejections=[] strategies={'SwingTradeHunter': 8, 'TrendHunter': 3, 'PublishedIntent': 35}
2026-04-24 12:12:07 summary - counts={'exec_reject': 57, 'entry_size': 2} top_rejections=[('ENJUSDT', 225)] strategies={'PublishedIntent': 8, 'MLForecaster': 1, 'SwingTradeHunter': 1, 'TrendHunter': 1}
2026-04-24 12:22:07 summary - counts={'exec_reject': 69, 'entry_size': 2} top_rejections=[('ORDIUSDT', 432), ('ENJUSDT', 336)] strategies={'PublishedIntent': 10, 'MLForecaster': 2, 'SwingTradeHunter': 2, 'TrendHunter': 1}
2026-04-24 12:32:07 summary - counts={'exec_reject': 36} top_rejections=[] strategies={'PublishedIntent': 48, 'MLForecaster': 8, 'SwingTradeHunter': 20, 'TrendHunter': 12}
2026-04-24 12:42:07 summary - counts={'exec_reject': 39} top_rejections=[] strategies={'PublishedIntent': 48, 'MLForecaster': 8, 'SwingTradeHunter': 17, 'TrendHunter': 8}
2026-04-24 12:52:07 summary - counts={'exec_reject': 37} top_rejections=[] strategies={'PublishedIntent': 48, 'MLForecaster': 8, 'SwingTradeHunter': 18, 'TrendHunter': 16}
2026-04-24 13:02:07 summary - counts={'exec_reject': 40} top_rejections=[] strategies={'PublishedIntent': 48, 'MLForecaster': 8, 'SwingTradeHunter': 19, 'TrendHunter': 5}
2026-04-24 13:12:07 summary - counts={'exec_reject': 37} top_rejections=[] strategies={'PublishedIntent': 42, 'MLForecaster': 12, 'SwingTradeHunter': 19, 'TrendHunter': 11}
2026-04-24 13:22:07 summary - counts={'exec_reject': 62} top_rejections=[] strategies={'PublishedIntent': 36, 'MLForecaster': 4, 'SwingTradeHunter': 13, 'TrendHunter': 6}
2026-04-24 13:32:07 summary - counts={'exec_reject': 36} top_rejections=[] strategies={'PublishedIntent': 44, 'MLForecaster': 12, 'SwingTradeHunter': 20, 'TrendHunter': 8}
2026-04-24 13:42:07 summary - counts={'exec_reject': 36} top_rejections=[] strategies={'PublishedIntent': 45, 'MLForecaster': 11, 'SwingTradeHunter': 19, 'TrendHunter': 9}
2026-04-24 13:52:07 summary - counts={'exec_reject': 37} top_rejections=[] strategies={'PublishedIntent': 48, 'MLForecaster': 8, 'SwingTradeHunter': 18, 'TrendHunter': 12}
2026-04-24 14:02:08 summary - counts={'exec_reject': 36} top_rejections=[] strategies={'SwingTradeHunter': 17, 'TrendHunter': 11, 'PublishedIntent': 52, 'MLForecaster': 6}
2026-04-24 14:12:08 summary - counts={'exec_reject': 35} top_rejections=[] strategies={'PublishedIntent': 48, 'MLForecaster': 8, 'SwingTradeHunter': 20, 'TrendHunter': 12}
2026-04-24 14:22:08 summary - counts={'exec_reject': 35} top_rejections=[] strategies={'PublishedIntent': 48, 'MLForecaster': 8, 'SwingTradeHunter': 20, 'TrendHunter': 8}
2026-04-24 14:32:08 summary - counts={'exec_reject': 55} top_rejections=[] strategies={'PublishedIntent': 39, 'MLForecaster': 3, 'SwingTradeHunter': 12, 'TrendHunter': 9}
2026-04-24 14:42:08 summary - counts={'exec_reject': 39} top_rejections=[] strategies={'PublishedIntent': 52, 'MLForecaster': 4, 'SwingTradeHunter': 16, 'TrendHunter': 12}
2026-04-24 14:52:08 summary - counts={'exec_reject': 46} top_rejections=[] strategies={'MLForecaster': 5, 'SwingTradeHunter': 22, 'TrendHunter': 3, 'PublishedIntent': 48}
2026-04-24 15:02:08 summary - counts={'exec_reject': 40} top_rejections=[] strategies={'PublishedIntent': 52, 'MLForecaster': 4, 'SwingTradeHunter': 16, 'TrendHunter': 12}
2026-04-24 15:12:08 summary - counts={'exec_reject': 41} top_rejections=[] strategies={'PublishedIntent': 50, 'MLForecaster': 4, 'SwingTradeHunter': 20, 'TrendHunter': 9}
2026-04-24 15:22:08 summary - counts={'exec_reject': 39} top_rejections=[] strategies={'PublishedIntent': 46, 'MLForecaster': 8, 'SwingTradeHunter': 16, 'TrendHunter': 16}
2026-04-24 15:32:08 summary - counts={'exec_reject': 37} top_rejections=[] strategies={'PublishedIntent': 48, 'MLForecaster': 8, 'SwingTradeHunter': 18, 'TrendHunter': 12}
2026-04-24 15:42:08 summary - counts={'exec_reject': 40} top_rejections=[] strategies={'PublishedIntent': 46, 'MLForecaster': 8, 'SwingTradeHunter': 20, 'TrendHunter': 12}
2026-04-24 15:52:08 summary - counts={'exec_reject': 36} top_rejections=[] strategies={'PublishedIntent': 47, 'MLForecaster': 4, 'SwingTradeHunter': 20, 'TrendHunter': 15}
2026-04-24 16:02:08 summary - counts={'exec_reject': 35} top_rejections=[] strategies={'PublishedIntent': 48, 'MLForecaster': 6, 'SwingTradeHunter': 20, 'TrendHunter': 8}
2026-04-24 16:12:08 summary - counts={'exec_reject': 52} top_rejections=[] strategies={'PublishedIntent': 36, 'MLForecaster': 6, 'SwingTradeHunter': 15, 'TrendHunter': 6}
2026-04-24 16:22:08 summary - counts={'exec_reject': 35} top_rejections=[] strategies={'PublishedIntent': 42, 'MLForecaster': 3, 'SwingTradeHunter': 15, 'TrendHunter': 12}
2026-04-24 16:32:08 summary - counts={'exec_reject': 39} top_rejections=[] strategies={'PublishedIntent': 49, 'MLForecaster': 7, 'SwingTradeHunter': 16, 'TrendHunter': 12}
2026-04-24 16:42:08 summary - counts={'exec_reject': 39} top_rejections=[] strategies={'PublishedIntent': 42, 'MLForecaster': 6, 'SwingTradeHunter': 13, 'TrendHunter': 10}
2026-04-24 16:52:08 summary - counts={'exec_reject': 43} top_rejections=[] strategies={'PublishedIntent': 51, 'MLForecaster': 4, 'SwingTradeHunter': 17, 'TrendHunter': 9}
2026-04-24 17:02:08 summary - counts={'exec_reject': 35} top_rejections=[] strategies={'PublishedIntent': 48, 'MLForecaster': 8, 'SwingTradeHunter': 20, 'TrendHunter': 12}
2026-04-24 17:12:08 summary - counts={'exec_reject': 39} top_rejections=[] strategies={'PublishedIntent': 48, 'MLForecaster': 8, 'SwingTradeHunter': 16, 'TrendHunter': 12}
2026-04-24 17:22:08 summary - counts={'exec_reject': 35} top_rejections=[] strategies={'PublishedIntent': 45, 'MLForecaster': 8, 'SwingTradeHunter': 20, 'TrendHunter': 16}
2026-04-24 17:32:09 summary - counts={'exec_reject': 44} top_rejections=[] strategies={'PublishedIntent': 50, 'MLForecaster': 8, 'SwingTradeHunter': 16, 'TrendHunter': 10}
2026-04-24 17:42:09 summary - counts={'exec_reject': 35} top_rejections=[] strategies={'SwingTradeHunter': 25, 'TrendHunter': 10, 'PublishedIntent': 48}
2026-04-24 17:52:09 summary - counts={'exec_reject': 52} top_rejections=[] strategies={'PublishedIntent': 39, 'MLForecaster': 3, 'SwingTradeHunter': 15, 'TrendHunter': 9}
2026-04-24 18:02:09 summary - counts={'exec_reject': 37} top_rejections=[] strategies={'PublishedIntent': 48, 'MLForecaster': 4, 'SwingTradeHunter': 18, 'TrendHunter': 12}
2026-04-24 18:12:09 summary - counts={'exec_reject': 35} top_rejections=[] strategies={'PublishedIntent': 50, 'SwingTradeHunter': 20, 'TrendHunter': 14}
2026-04-24 18:22:09 summary - counts={'exec_reject': 38} top_rejections=[] strategies={'PublishedIntent': 52, 'MLForecaster': 4, 'SwingTradeHunter': 18, 'TrendHunter': 15}
2026-04-24 18:32:09 summary - counts={'exec_reject': 77} top_rejections=[] strategies={'PublishedIntent': 39, 'SwingTradeHunter': 11, 'TrendHunter': 5, 'MLForecaster': 1}
2026-04-24 18:42:09 summary - counts={'exec_reject': 57} top_rejections=[] strategies={'PublishedIntent': 39, 'SwingTradeHunter': 15, 'TrendHunter': 9}
2026-04-24 18:52:09 summary - counts={'exec_reject': 36} top_rejections=[] strategies={'PublishedIntent': 46, 'MLForecaster': 4, 'SwingTradeHunter': 19, 'TrendHunter': 16}
2026-04-24 19:02:09 summary - counts={'exec_reject': 36} top_rejections=[] strategies={'PublishedIntent': 46, 'MLForecaster': 4, 'SwingTradeHunter': 19, 'TrendHunter': 16}
2026-04-24 19:12:09 summary - counts={'exec_reject': 36} top_rejections=[] strategies={'PublishedIntent': 46, 'MLForecaster': 4, 'SwingTradeHunter': 19, 'TrendHunter': 16}
2026-04-24 19:22:09 summary - counts={'exec_reject': 36} top_rejections=[] strategies={'PublishedIntent': 46, 'MLForecaster': 4, 'SwingTradeHunter': 19, 'TrendHunter': 16}
2026-04-24 19:32:09 summary - counts={'exec_reject': 36} top_rejections=[] strategies={'PublishedIntent': 46, 'MLForecaster': 4, 'SwingTradeHunter': 19, 'TrendHunter': 16}
2026-04-24 19:42:09 summary - counts={'exec_reject': 36} top_rejections=[] strategies={'PublishedIntent': 46, 'MLForecaster': 4, 'SwingTradeHunter': 19, 'TrendHunter': 16}
2026-04-24 19:52:09 summary - counts={'exec_reject': 36} top_rejections=[] strategies={'PublishedIntent': 46, 'MLForecaster': 4, 'SwingTradeHunter': 19, 'TrendHunter': 16}
2026-04-24 20:02:09 summary - counts={'exec_reject': 36} top_rejections=[] strategies={'PublishedIntent': 46, 'MLForecaster': 4, 'SwingTradeHunter': 19, 'TrendHunter': 16}
2026-04-24 20:12:09 summary - counts={'exec_reject': 36} top_rejections=[] strategies={'PublishedIntent': 46, 'MLForecaster': 4, 'SwingTradeHunter': 19, 'TrendHunter': 16}
2026-04-24 20:22:09 summary - counts={'exec_reject': 36} top_rejections=[] strategies={'PublishedIntent': 46, 'MLForecaster': 4, 'SwingTradeHunter': 19, 'TrendHunter': 16}
2026-04-24 20:32:09 summary - counts={'exec_reject': 36} top_rejections=[] strategies={'PublishedIntent': 46, 'MLForecaster': 4, 'SwingTradeHunter': 19, 'TrendHunter': 16}
2026-04-24 20:42:09 summary - counts={'exec_reject': 36} top_rejections=[] strategies={'PublishedIntent': 46, 'MLForecaster': 4, 'SwingTradeHunter': 19, 'TrendHunter': 16}
2026-04-24 20:52:09 summary - counts={'exec_reject': 36} top_rejections=[] strategies={'PublishedIntent': 46, 'MLForecaster': 4, 'SwingTradeHunter': 19, 'TrendHunter': 16}
2026-04-24 21:02:09 summary - counts={'exec_reject': 36} top_rejections=[] strategies={'PublishedIntent': 46, 'MLForecaster': 4, 'SwingTradeHunter': 19, 'TrendHunter': 16}
2026-04-24 21:12:09 summary - counts={'exec_reject': 36} top_rejections=[] strategies={'PublishedIntent': 46, 'MLForecaster': 4, 'SwingTradeHunter': 19, 'TrendHunter': 16}
2026-04-24 21:22:10 summary - counts={'exec_reject': 36} top_rejections=[] strategies={'PublishedIntent': 46, 'MLForecaster': 4, 'SwingTradeHunter': 19, 'TrendHunter': 16}
2026-04-24 21:32:10 summary - counts={'exec_reject': 36} top_rejections=[] strategies={'PublishedIntent': 46, 'MLForecaster': 4, 'SwingTradeHunter': 19, 'TrendHunter': 16}
2026-04-24 21:42:10 summary - counts={'exec_reject': 36} top_rejections=[] strategies={'PublishedIntent': 46, 'MLForecaster': 4, 'SwingTradeHunter': 19, 'TrendHunter': 16}
2026-04-24 21:52:10 summary - counts={'exec_reject': 36} top_rejections=[] strategies={'PublishedIntent': 46, 'MLForecaster': 4, 'SwingTradeHunter': 19, 'TrendHunter': 16}
2026-04-24 22:02:10 summary - counts={} top_rejections=[] strategies={}
2026-04-24 22:12:10 summary - counts={} top_rejections=[] strategies={}
2026-04-24 22:22:10 summary - counts={} top_rejections=[] strategies={}
2026-04-24 22:32:10 summary - counts={} top_rejections=[] strategies={}
2026-04-24 22:42:10 summary - counts={} top_rejections=[] strategies={}
2026-04-24 22:52:10 summary - counts={} top_rejections=[] strategies={}
2026-04-24 23:02:10 summary - counts={} top_rejections=[] strategies={}
2026-04-24 23:12:10 summary - counts={} top_rejections=[] strategies={}
2026-04-24 23:22:10 summary - counts={} top_rejections=[] strategies={}
2026-04-24 23:32:10 summary - counts={} top_rejections=[] strategies={}
2026-04-24 23:42:10 summary - counts={} top_rejections=[] strategies={}
2026-04-24 23:52:10 summary - counts={} top_rejections=[] strategies={}
2026-04-25 00:02:10 summary - counts={} top_rejections=[] strategies={}
2026-04-25 00:12:10 summary - counts={} top_rejections=[] strategies={}
2026-04-25 00:22:10 summary - counts={} top_rejections=[] strategies={}
2026-04-25 00:32:10 summary - counts={} top_rejections=[] strategies={}
2026-04-25 00:42:10 summary - counts={} top_rejections=[] strategies={}
2026-04-25 00:52:10 summary - counts={} top_rejections=[] strategies={}
2026-04-25 01:02:10 summary - counts={} top_rejections=[] strategies={}
2026-04-25 01:12:10 summary - counts={} top_rejections=[] strategies={}
2026-04-25 01:22:10 summary - counts={} top_rejections=[] strategies={}
2026-04-25 01:32:10 summary - counts={} top_rejections=[] strategies={}
2026-04-25 01:42:10 summary - counts={} top_rejections=[] strategies={}
2026-04-25 01:52:10 summary - counts={} top_rejections=[] strategies={}
2026-04-25 02:02:10 summary - counts={} top_rejections=[] strategies={}
2026-04-25 02:12:10 summary - counts={} top_rejections=[] strategies={}
2026-04-25 02:22:10 summary - counts={} top_rejections=[] strategies={}
2026-04-25 02:32:10 summary - counts={} top_rejections=[] strategies={}
2026-04-25 02:42:10 summary - counts={} top_rejections=[] strategies={}
2026-04-25 02:52:10 summary - counts={} top_rejections=[] strategies={}
2026-04-25 03:02:10 summary - counts={} top_rejections=[] strategies={}
2026-04-25 03:12:10 summary - counts={} top_rejections=[] strategies={}
2026-04-25 03:22:10 summary - counts={} top_rejections=[] strategies={}
2026-04-25 03:32:10 summary - counts={} top_rejections=[] strategies={}
2026-04-25 03:42:10 summary - counts={} top_rejections=[] strategies={}
2026-04-25 03:52:10 summary - counts={} top_rejections=[] strategies={}
2026-04-25 04:02:11 summary - counts={} top_rejections=[] strategies={}
2026-04-25 04:12:11 summary - counts={} top_rejections=[] strategies={}
2026-04-25 04:22:11 summary - counts={} top_rejections=[] strategies={}
2026-04-25 04:32:11 summary - counts={} top_rejections=[] strategies={}
2026-04-25 04:42:11 summary - counts={} top_rejections=[] strategies={}
2026-04-25 04:52:11 summary - counts={} top_rejections=[] strategies={}
2026-04-25 05:02:11 summary - counts={} top_rejections=[] strategies={}
2026-04-25 05:12:11 summary - counts={} top_rejections=[] strategies={}
2026-04-25 05:22:11 summary - counts={} top_rejections=[] strategies={}
2026-04-25 05:32:11 summary - counts={} top_rejections=[] strategies={}
2026-04-25 05:42:11 summary - counts={} top_rejections=[] strategies={}
2026-04-25 05:52:11 summary - counts={} top_rejections=[] strategies={}
2026-04-25 06:02:11 summary - counts={} top_rejections=[] strategies={}
2026-04-25 06:12:11 summary - counts={} top_rejections=[] strategies={}
2026-04-25 06:22:11 summary - counts={} top_rejections=[] strategies={}
2026-04-25 06:32:11 summary - counts={} top_rejections=[] strategies={}
2026-04-25 06:42:11 summary - counts={} top_rejections=[] strategies={}
2026-04-25 06:52:11 summary - counts={} top_rejections=[] strategies={}
2026-04-25 07:02:11 summary - counts={} top_rejections=[] strategies={}
2026-04-25 07:12:11 summary - counts={} top_rejections=[] strategies={}
2026-04-25 07:22:11 summary - counts={} top_rejections=[] strategies={}
2026-04-25 07:32:11 summary - counts={} top_rejections=[] strategies={}
2026-04-25 07:42:11 summary - counts={} top_rejections=[] strategies={}
2026-04-25 07:52:11 summary - counts={} top_rejections=[] strategies={}
2026-04-25 08:02:11 summary - counts={} top_rejections=[] strategies={}
2026-04-25 08:12:11 summary - counts={} top_rejections=[] strategies={}
2026-04-25 08:22:11 summary - counts={} top_rejections=[] strategies={}
2026-04-25 08:32:11 summary - counts={} top_rejections=[] strategies={}
2026-04-25 08:42:11 summary - counts={} top_rejections=[] strategies={}
2026-04-25 08:52:11 summary - counts={} top_rejections=[] strategies={}
2026-04-25 09:02:11 summary - counts={} top_rejections=[] strategies={}
2026-04-25 09:12:11 summary - counts={} top_rejections=[] strategies={}
2026-04-25 09:22:11 summary - counts={} top_rejections=[] strategies={}
2026-04-25 09:32:11 summary - counts={} top_rejections=[] strategies={}
2026-04-25 09:42:11 summary - counts={} top_rejections=[] strategies={}
2026-04-25 09:52:11 summary - counts={} top_rejections=[] strategies={}
2026-04-25 10:02:11 summary - counts={} top_rejections=[] strategies={}
2026-04-25 10:12:11 summary - counts={} top_rejections=[] strategies={}
2026-04-25 10:22:11 summary - counts={} top_rejections=[] strategies={}
2026-04-25 10:32:11 summary - counts={} top_rejections=[] strategies={}
2026-04-25 10:42:12 summary - counts={} top_rejections=[] strategies={}
2026-04-25 10:52:12 summary - counts={} top_rejections=[] strategies={}
2026-04-25 11:02:12 summary - counts={} top_rejections=[] strategies={}
2026-04-25 11:12:12 summary - counts={} top_rejections=[] strategies={}
2026-04-25 11:22:12 summary - counts={} top_rejections=[] strategies={}
2026-04-25 11:32:12 summary - counts={} top_rejections=[] strategies={}
2026-04-25 11:42:12 summary - counts={} top_rejections=[] strategies={}
2026-04-25 11:52:12 summary - counts={} top_rejections=[] strategies={}
2026-04-25 12:02:12 summary - counts={} top_rejections=[] strategies={}
2026-04-25 12:12:12 summary - counts={} top_rejections=[] strategies={}
2026-04-25 12:22:12 summary - counts={} top_rejections=[] strategies={}
2026-04-25 12:32:12 summary - counts={} top_rejections=[] strategies={}
2026-04-25 12:42:12 summary - counts={} top_rejections=[] strategies={}
2026-04-25 12:52:12 summary - counts={} top_rejections=[] strategies={}
2026-04-25 13:02:12 summary - counts={} top_rejections=[] strategies={}
2026-04-25 13:12:12 summary - counts={} top_rejections=[] strategies={}
2026-04-25 13:22:12 summary - counts={} top_rejections=[] strategies={}
2026-04-25 13:32:12 summary - counts={} top_rejections=[] strategies={}
2026-04-25 13:42:12 summary - counts={} top_rejections=[] strategies={}
2026-04-25 13:52:12 summary - counts={} top_rejections=[] strategies={}
2026-04-25 14:02:12 summary - counts={} top_rejections=[] strategies={}
2026-04-25 14:12:12 summary - counts={} top_rejections=[] strategies={}
2026-04-25 14:22:12 summary - counts={} top_rejections=[] strategies={}
2026-04-25 14:32:12 summary - counts={} top_rejections=[] strategies={}
2026-04-25 14:42:12 summary - counts={} top_rejections=[] strategies={}
2026-04-25 14:52:12 summary - counts={} top_rejections=[] strategies={}
2026-04-25 15:02:12 summary - counts={} top_rejections=[] strategies={}
2026-04-25 15:12:12 summary - counts={} top_rejections=[] strategies={}
2026-04-25 15:22:12 summary - counts={} top_rejections=[] strategies={}
2026-04-25 15:32:12 summary - counts={} top_rejections=[] strategies={}
2026-04-25 15:42:12 summary - counts={} top_rejections=[] strategies={}
2026-04-25 15:52:12 summary - counts={} top_rejections=[] strategies={}
2026-04-25 16:02:12 summary - counts={} top_rejections=[] strategies={}
2026-04-25 16:12:12 summary - counts={} top_rejections=[] strategies={}
2026-04-25 16:22:13 summary - counts={} top_rejections=[] strategies={}
2026-04-25 16:32:13 summary - counts={} top_rejections=[] strategies={}
2026-04-25 16:42:13 summary - counts={} top_rejections=[] strategies={}
2026-04-25 16:52:13 summary - counts={} top_rejections=[] strategies={}
2026-04-25 17:02:13 summary - counts={} top_rejections=[] strategies={}
2026-04-25 17:12:13 summary - counts={} top_rejections=[] strategies={}
2026-04-25 17:22:13 summary - counts={} top_rejections=[] strategies={}
2026-04-25 17:32:13 summary - counts={} top_rejections=[] strategies={}
2026-04-25 17:42:13 summary - counts={} top_rejections=[] strategies={}
2026-04-25 17:52:13 summary - counts={} top_rejections=[] strategies={}
2026-04-25 18:02:13 summary - counts={} top_rejections=[] strategies={}
2026-04-25 18:12:13 summary - counts={} top_rejections=[] strategies={}
2026-04-25 18:22:13 summary - counts={} top_rejections=[] strategies={}
2026-04-25 18:32:13 summary - counts={} top_rejections=[] strategies={}
2026-04-25 18:42:13 summary - counts={} top_rejections=[] strategies={}
2026-04-25 18:52:13 summary - counts={} top_rejections=[] strategies={}
2026-04-25 19:02:13 summary - counts={} top_rejections=[] strategies={}
2026-04-25 19:12:13 summary - counts={} top_rejections=[] strategies={}
2026-04-25 19:22:13 summary - counts={} top_rejections=[] strategies={}
2026-04-25 19:32:13 summary - counts={} top_rejections=[] strategies={}
2026-04-25 19:42:13 summary - counts={} top_rejections=[] strategies={}
2026-04-25 19:52:13 summary - counts={} top_rejections=[] strategies={}
2026-04-25 20:02:13 summary - counts={} top_rejections=[] strategies={}
2026-04-25 20:12:13 summary - counts={} top_rejections=[] strategies={}
2026-04-25 20:22:13 summary - counts={} top_rejections=[] strategies={}
2026-04-25 20:32:13 summary - counts={} top_rejections=[] strategies={}
2026-04-25 20:42:13 summary - counts={} top_rejections=[] strategies={}
2026-04-25 20:52:13 summary - counts={} top_rejections=[] strategies={}
2026-04-25 21:02:13 summary - counts={} top_rejections=[] strategies={}
2026-04-25 21:12:13 summary - counts={} top_rejections=[] strategies={}
2026-04-25 21:22:13 summary - counts={} top_rejections=[] strategies={}
2026-04-25 21:32:13 summary - counts={} top_rejections=[] strategies={}
2026-04-25 21:42:14 summary - counts={} top_rejections=[] strategies={}
2026-04-25 21:52:14 summary - counts={} top_rejections=[] strategies={}
2026-04-25 22:02:14 summary - counts={} top_rejections=[] strategies={}
2026-04-25 22:12:14 summary - counts={} top_rejections=[] strategies={}
2026-04-25 22:22:14 summary - counts={} top_rejections=[] strategies={}
2026-04-25 22:32:14 summary - counts={} top_rejections=[] strategies={}
2026-04-25 22:42:14 summary - counts={} top_rejections=[] strategies={}
2026-04-25 22:52:14 summary - counts={} top_rejections=[] strategies={}
2026-04-25 23:02:14 summary - counts={} top_rejections=[] strategies={}
2026-04-25 23:12:14 summary - counts={} top_rejections=[] strategies={}
2026-04-25 23:22:14 summary - counts={} top_rejections=[] strategies={}
2026-04-25 23:32:14 summary - counts={} top_rejections=[] strategies={}
2026-04-25 23:42:14 summary - counts={} top_rejections=[] strategies={}
2026-04-25 23:52:14 summary - counts={} top_rejections=[] strategies={}
2026-04-26 00:02:14 summary - counts={} top_rejections=[] strategies={}
2026-04-26 00:12:14 summary - counts={} top_rejections=[] strategies={}
2026-04-26 00:22:14 summary - counts={} top_rejections=[] strategies={}
2026-04-26 00:32:14 summary - counts={} top_rejections=[] strategies={}
2026-04-26 00:42:14 summary - counts={} top_rejections=[] strategies={}
2026-04-26 00:52:14 summary - counts={} top_rejections=[] strategies={}
2026-04-26 01:02:14 summary - counts={} top_rejections=[] strategies={}
2026-04-26 01:12:14 summary - counts={} top_rejections=[] strategies={}
2026-04-26 01:22:14 summary - counts={} top_rejections=[] strategies={}
2026-04-26 01:32:14 summary - counts={} top_rejections=[] strategies={}
2026-04-26 01:42:14 summary - counts={} top_rejections=[] strategies={}
2026-04-26 01:52:15 summary - counts={} top_rejections=[] strategies={}
2026-04-26 02:02:15 summary - counts={} top_rejections=[] strategies={}
2026-04-26 02:12:15 summary - counts={} top_rejections=[] strategies={}
2026-04-26 02:22:15 summary - counts={} top_rejections=[] strategies={}
2026-04-26 02:32:15 summary - counts={} top_rejections=[] strategies={}
2026-04-26 02:42:15 summary - counts={} top_rejections=[] strategies={}
2026-04-26 02:52:15 summary - counts={} top_rejections=[] strategies={}
2026-04-26 03:02:15 summary - counts={} top_rejections=[] strategies={}
2026-04-26 03:12:15 summary - counts={} top_rejections=[] strategies={}
2026-04-26 03:22:15 summary - counts={} top_rejections=[] strategies={}
2026-04-26 03:32:15 summary - counts={} top_rejections=[] strategies={}
2026-04-26 03:42:15 summary - counts={} top_rejections=[] strategies={}
2026-04-26 03:52:15 summary - counts={} top_rejections=[] strategies={}
2026-04-26 04:02:15 summary - counts={} top_rejections=[] strategies={}
2026-04-26 04:12:15 summary - counts={} top_rejections=[] strategies={}
2026-04-26 04:22:15 summary - counts={} top_rejections=[] strategies={}
2026-04-26 04:32:15 summary - counts={} top_rejections=[] strategies={}
2026-04-26 04:42:15 summary - counts={} top_rejections=[] strategies={}
2026-04-26 04:52:15 summary - counts={} top_rejections=[] strategies={}
2026-04-26 05:02:15 summary - counts={} top_rejections=[] strategies={}
2026-04-26 05:12:15 summary - counts={} top_rejections=[] strategies={}
2026-04-26 05:22:15 summary - counts={} top_rejections=[] strategies={}
2026-04-26 05:32:15 summary - counts={} top_rejections=[] strategies={}
2026-04-26 05:42:15 summary - counts={} top_rejections=[] strategies={}
2026-04-26 05:52:15 summary - counts={} top_rejections=[] strategies={}
2026-04-26 06:02:15 summary - counts={} top_rejections=[] strategies={}
2026-04-26 06:12:16 summary - counts={} top_rejections=[] strategies={}
2026-04-26 06:22:16 summary - counts={} top_rejections=[] strategies={}
2026-04-26 06:32:16 summary - counts={} top_rejections=[] strategies={}
2026-04-26 06:42:16 summary - counts={} top_rejections=[] strategies={}
2026-04-26 06:52:16 summary - counts={} top_rejections=[] strategies={}
2026-04-26 07:02:16 summary - counts={} top_rejections=[] strategies={}
2026-04-26 07:12:16 summary - counts={} top_rejections=[] strategies={}
2026-04-26 07:22:16 summary - counts={} top_rejections=[] strategies={}
2026-04-26 07:32:16 summary - counts={} top_rejections=[] strategies={}
2026-04-26 07:42:16 summary - counts={} top_rejections=[] strategies={}
2026-04-26 07:52:16 summary - counts={} top_rejections=[] strategies={}
2026-04-26 08:02:16 summary - counts={} top_rejections=[] strategies={}
2026-04-26 08:12:16 summary - counts={} top_rejections=[] strategies={}
2026-04-26 08:22:16 summary - counts={} top_rejections=[] strategies={}
2026-04-26 08:32:16 summary - counts={} top_rejections=[] strategies={}
2026-04-26 08:42:16 summary - counts={} top_rejections=[] strategies={}
2026-04-26 08:52:16 summary - counts={} top_rejections=[] strategies={}
2026-04-26 09:02:16 summary - counts={} top_rejections=[] strategies={}
2026-04-26 09:12:16 summary - counts={} top_rejections=[] strategies={}
2026-04-26 09:22:16 summary - counts={} top_rejections=[] strategies={}
2026-04-26 09:32:16 summary - counts={} top_rejections=[] strategies={}
2026-04-26 09:42:16 summary - counts={} top_rejections=[] strategies={}
2026-04-26 09:52:16 summary - counts={} top_rejections=[] strategies={}
2026-04-26 10:02:16 summary - counts={} top_rejections=[] strategies={}
2026-04-26 10:12:17 summary - counts={} top_rejections=[] strategies={}
2026-04-26 10:22:17 summary - counts={} top_rejections=[] strategies={}
2026-04-26 10:32:17 summary - counts={} top_rejections=[] strategies={}
2026-04-26 10:42:17 summary - counts={} top_rejections=[] strategies={}
2026-04-26 10:52:17 summary - counts={} top_rejections=[] strategies={}
2026-04-26 11:02:17 summary - counts={} top_rejections=[] strategies={}
2026-04-26 11:12:17 summary - counts={} top_rejections=[] strategies={}
2026-04-26 11:22:17 summary - counts={} top_rejections=[] strategies={}
2026-04-26 11:32:17 summary - counts={} top_rejections=[] strategies={}
2026-04-26 11:42:17 summary - counts={} top_rejections=[] strategies={}
2026-04-26 11:52:17 summary - counts={} top_rejections=[] strategies={}
2026-04-26 12:02:17 summary - counts={} top_rejections=[] strategies={}
2026-04-26 12:12:17 summary - counts={} top_rejections=[] strategies={}
2026-04-26 12:22:17 summary - counts={} top_rejections=[] strategies={}
2026-04-26 12:32:17 summary - counts={} top_rejections=[] strategies={}
2026-04-26 12:42:17 summary - counts={} top_rejections=[] strategies={}
2026-04-26 12:52:17 summary - counts={} top_rejections=[] strategies={}
2026-04-26 13:02:17 summary - counts={} top_rejections=[] strategies={}
2026-04-26 13:12:17 summary - counts={} top_rejections=[] strategies={}
2026-04-26 13:22:17 summary - counts={} top_rejections=[] strategies={}
2026-04-26 13:34:13 summary - counts={} top_rejections=[] strategies={}
2026-04-26 13:49:43 summary - counts={} top_rejections=[] strategies={}
2026-04-26 13:59:43 summary - counts={} top_rejections=[] strategies={}
2026-04-26 14:09:43 summary - counts={} top_rejections=[] strategies={}
2026-04-26 14:19:57 summary - counts={} top_rejections=[] strategies={}
2026-04-26 16:25:12 summary - counts={} top_rejections=[] strategies={}
2026-04-26 16:35:12 summary - counts={} top_rejections=[] strategies={}
2026-04-26 16:45:12 summary - counts={} top_rejections=[] strategies={}
2026-04-26 16:55:12 summary - counts={} top_rejections=[] strategies={}
2026-04-26 17:05:12 summary - counts={} top_rejections=[] strategies={}
2026-04-26 17:15:13 summary - counts={} top_rejections=[] strategies={}
2026-04-26 17:25:13 summary - counts={} top_rejections=[] strategies={}
2026-04-26 17:35:13 summary - counts={} top_rejections=[] strategies={}
2026-04-26 17:45:13 summary - counts={} top_rejections=[] strategies={}
2026-04-26 17:55:13 summary - counts={} top_rejections=[] strategies={}
2026-04-26 18:05:13 summary - counts={} top_rejections=[] strategies={}
2026-04-26 18:15:13 summary - counts={} top_rejections=[] strategies={}
2026-04-26 18:25:13 summary - counts={} top_rejections=[] strategies={}
2026-04-26 18:35:13 summary - counts={} top_rejections=[] strategies={}
2026-04-26 18:45:13 summary - counts={} top_rejections=[] strategies={}
2026-04-26 18:55:13 summary - counts={} top_rejections=[] strategies={}
2026-04-26 19:05:13 summary - counts={} top_rejections=[] strategies={}
2026-04-26 19:15:13 summary - counts={} top_rejections=[] strategies={}
2026-04-26 19:25:13 summary - counts={} top_rejections=[] strategies={}
2026-04-26 19:35:13 summary - counts={} top_rejections=[] strategies={}
2026-04-26 19:45:13 summary - counts={} top_rejections=[] strategies={}
2026-04-26 19:55:13 summary - counts={} top_rejections=[] strategies={}
2026-04-26 20:05:13 summary - counts={} top_rejections=[] strategies={}
2026-04-26 20:15:13 summary - counts={} top_rejections=[] strategies={}
2026-04-26 20:25:13 summary - counts={} top_rejections=[] strategies={}
2026-04-26 20:35:13 summary - counts={} top_rejections=[] strategies={}
2026-04-26 20:45:13 summary - counts={} top_rejections=[] strategies={}
2026-04-26 20:55:13 summary - counts={} top_rejections=[] strategies={}
2026-04-26 21:05:14 summary - counts={} top_rejections=[] strategies={}
2026-04-26 21:15:14 summary - counts={} top_rejections=[] strategies={}
2026-04-26 21:25:14 summary - counts={} top_rejections=[] strategies={}
2026-04-26 21:35:14 summary - counts={} top_rejections=[] strategies={}
2026-04-26 21:45:14 summary - counts={} top_rejections=[] strategies={}
2026-04-26 21:55:14 summary - counts={} top_rejections=[] strategies={}
2026-04-26 22:05:14 summary - counts={} top_rejections=[] strategies={}
2026-04-26 22:15:14 summary - counts={} top_rejections=[] strategies={}
2026-04-26 22:25:14 summary - counts={} top_rejections=[] strategies={}
2026-04-26 22:35:14 summary - counts={} top_rejections=[] strategies={}
2026-04-26 22:45:14 summary - counts={} top_rejections=[] strategies={}
2026-04-26 22:55:14 summary - counts={} top_rejections=[] strategies={}
2026-04-26 23:05:14 summary - counts={} top_rejections=[] strategies={}
2026-04-26 23:15:14 summary - counts={} top_rejections=[] strategies={}
2026-04-26 23:25:14 summary - counts={} top_rejections=[] strategies={}
2026-04-26 23:35:14 summary - counts={} top_rejections=[] strategies={}
2026-04-26 23:45:14 summary - counts={} top_rejections=[] strategies={}
2026-04-26 23:55:14 summary - counts={} top_rejections=[] strategies={}
2026-04-27 00:05:14 summary - counts={} top_rejections=[] strategies={}
2026-04-27 00:15:14 summary - counts={} top_rejections=[] strategies={}
2026-04-27 00:25:14 summary - counts={} top_rejections=[] strategies={}
2026-04-27 00:35:14 summary - counts={} top_rejections=[] strategies={}
2026-04-27 00:45:14 summary - counts={} top_rejections=[] strategies={}
2026-04-27 00:55:14 summary - counts={} top_rejections=[] strategies={}
2026-04-27 01:05:14 summary - counts={} top_rejections=[] strategies={}
2026-04-27 01:15:14 summary - counts={} top_rejections=[] strategies={}
2026-04-27 01:25:14 summary - counts={} top_rejections=[] strategies={}
2026-04-27 01:35:14 summary - counts={} top_rejections=[] strategies={}
2026-04-27 01:45:14 summary - counts={} top_rejections=[] strategies={}
2026-04-27 01:55:14 summary - counts={} top_rejections=[] strategies={}
2026-04-27 02:05:15 summary - counts={} top_rejections=[] strategies={}
2026-04-27 02:15:15 summary - counts={} top_rejections=[] strategies={}
2026-04-27 02:25:15 summary - counts={} top_rejections=[] strategies={}
2026-04-27 02:35:15 summary - counts={} top_rejections=[] strategies={}
2026-04-27 02:45:15 summary - counts={} top_rejections=[] strategies={}
2026-04-27 02:55:15 summary - counts={} top_rejections=[] strategies={}
2026-04-27 03:05:15 summary - counts={} top_rejections=[] strategies={}
2026-04-27 03:15:15 summary - counts={} top_rejections=[] strategies={}
2026-04-27 03:25:15 summary - counts={} top_rejections=[] strategies={}
2026-04-27 03:35:15 summary - counts={} top_rejections=[] strategies={}
2026-04-27 03:45:15 summary - counts={} top_rejections=[] strategies={}
2026-04-27 03:55:15 summary - counts={} top_rejections=[] strategies={}
2026-04-27 04:05:15 summary - counts={} top_rejections=[] strategies={}
2026-04-27 04:15:15 summary - counts={} top_rejections=[] strategies={}
2026-04-27 04:25:15 summary - counts={} top_rejections=[] strategies={}
2026-04-27 04:35:15 summary - counts={} top_rejections=[] strategies={}
2026-04-27 04:45:15 summary - counts={} top_rejections=[] strategies={}
2026-04-27 04:55:15 summary - counts={} top_rejections=[] strategies={}
2026-04-27 05:05:15 summary - counts={} top_rejections=[] strategies={}
2026-04-27 05:15:15 summary - counts={} top_rejections=[] strategies={}
2026-04-27 05:25:15 summary - counts={} top_rejections=[] strategies={}
2026-04-27 05:35:15 summary - counts={} top_rejections=[] strategies={}
2026-04-27 05:45:15 summary - counts={} top_rejections=[] strategies={}
2026-04-27 05:55:15 summary - counts={} top_rejections=[] strategies={}
2026-04-27 06:05:15 summary - counts={} top_rejections=[] strategies={}
2026-04-27 06:15:15 summary - counts={} top_rejections=[] strategies={}
2026-04-27 06:25:15 summary - counts={} top_rejections=[] strategies={}
2026-04-27 06:35:15 summary - counts={} top_rejections=[] strategies={}
2026-04-27 06:45:16 summary - counts={} top_rejections=[] strategies={}
2026-04-27 06:55:16 summary - counts={} top_rejections=[] strategies={}
2026-04-27 07:05:16 summary - counts={} top_rejections=[] strategies={}
2026-04-27 07:15:16 summary - counts={} top_rejections=[] strategies={}
2026-04-27 07:25:16 summary - counts={} top_rejections=[] strategies={}
2026-04-27 07:35:16 summary - counts={} top_rejections=[] strategies={}
2026-04-27 07:45:16 summary - counts={} top_rejections=[] strategies={}
2026-04-27 07:55:16 summary - counts={} top_rejections=[] strategies={}
2026-04-27 08:05:16 summary - counts={} top_rejections=[] strategies={}
2026-04-27 08:15:16 summary - counts={} top_rejections=[] strategies={}
2026-04-27 08:25:16 summary - counts={} top_rejections=[] strategies={}
2026-04-27 08:35:16 summary - counts={} top_rejections=[] strategies={}
2026-04-27 08:45:16 summary - counts={} top_rejections=[] strategies={}
2026-04-27 08:55:16 summary - counts={} top_rejections=[] strategies={}
2026-04-27 09:05:16 summary - counts={} top_rejections=[] strategies={}
2026-04-27 09:15:16 summary - counts={} top_rejections=[] strategies={}
2026-04-27 09:25:16 summary - counts={} top_rejections=[] strategies={}
2026-04-27 09:35:16 summary - counts={} top_rejections=[] strategies={}
2026-04-27 09:45:16 summary - counts={} top_rejections=[] strategies={}
2026-04-27 09:55:16 summary - counts={} top_rejections=[] strategies={}
2026-04-27 10:05:16 summary - counts={} top_rejections=[] strategies={}
2026-04-27 10:15:16 summary - counts={} top_rejections=[] strategies={}
2026-04-27 10:25:16 summary - counts={} top_rejections=[] strategies={}
2026-04-27 10:35:16 summary - counts={} top_rejections=[] strategies={}
2026-04-27 10:45:17 summary - counts={} top_rejections=[] strategies={}
2026-04-27 10:55:17 summary - counts={} top_rejections=[] strategies={}
2026-04-27 11:05:17 summary - counts={} top_rejections=[] strategies={}
2026-04-27 11:15:17 summary - counts={} top_rejections=[] strategies={}
2026-04-27 11:25:17 summary - counts={} top_rejections=[] strategies={}
2026-04-27 11:35:17 summary - counts={} top_rejections=[] strategies={}
2026-04-27 11:45:17 summary - counts={} top_rejections=[] strategies={}
2026-04-27 11:55:17 summary - counts={} top_rejections=[] strategies={}
2026-04-27 12:05:17 summary - counts={} top_rejections=[] strategies={}
2026-04-27 12:15:17 summary - counts={} top_rejections=[] strategies={}
2026-04-27 12:25:17 summary - counts={} top_rejections=[] strategies={}
2026-04-27 12:35:17 summary - counts={} top_rejections=[] strategies={}
2026-04-27 12:45:17 summary - counts={} top_rejections=[] strategies={}
2026-04-27 12:55:17 summary - counts={} top_rejections=[] strategies={}
2026-04-27 13:05:17 summary - counts={} top_rejections=[] strategies={}
2026-04-27 13:15:17 summary - counts={} top_rejections=[] strategies={}
2026-04-27 13:25:17 summary - counts={} top_rejections=[] strategies={}
2026-04-27 13:35:17 summary - counts={} top_rejections=[] strategies={}
2026-04-27 13:45:17 summary - counts={} top_rejections=[] strategies={}
2026-04-27 13:55:17 summary - counts={} top_rejections=[] strategies={}
2026-04-27 14:05:17 summary - counts={} top_rejections=[] strategies={}
2026-04-27 14:15:17 summary - counts={} top_rejections=[] strategies={}
2026-04-27 14:25:18 summary - counts={} top_rejections=[] strategies={}
2026-04-27 14:35:18 summary - counts={} top_rejections=[] strategies={}
2026-04-27 14:45:18 summary - counts={} top_rejections=[] strategies={}
2026-04-27 14:55:18 summary - counts={} top_rejections=[] strategies={}
2026-04-27 15:05:18 summary - counts={} top_rejections=[] strategies={}
2026-04-27 15:15:18 summary - counts={} top_rejections=[] strategies={}
2026-04-27 15:25:18 summary - counts={} top_rejections=[] strategies={}
2026-04-27 15:35:18 summary - counts={} top_rejections=[] strategies={}
2026-04-27 15:45:18 summary - counts={} top_rejections=[] strategies={}
2026-04-27 15:55:18 summary - counts={} top_rejections=[] strategies={}
2026-04-27 16:05:18 summary - counts={} top_rejections=[] strategies={}
2026-04-27 16:15:18 summary - counts={} top_rejections=[] strategies={}
2026-04-27 16:25:18 summary - counts={} top_rejections=[] strategies={}
2026-04-27 16:35:18 summary - counts={} top_rejections=[] strategies={}
2026-04-27 16:45:18 summary - counts={} top_rejections=[] strategies={}
2026-04-27 16:55:18 summary - counts={} top_rejections=[] strategies={}
2026-04-27 17:05:18 summary - counts={} top_rejections=[] strategies={}
2026-04-27 17:15:18 summary - counts={} top_rejections=[] strategies={}
2026-04-27 17:25:18 summary - counts={} top_rejections=[] strategies={}
2026-04-27 17:35:18 summary - counts={} top_rejections=[] strategies={}
2026-04-27 17:45:18 summary - counts={} top_rejections=[] strategies={}
2026-04-27 17:55:18 summary - counts={} top_rejections=[] strategies={}
2026-04-27 18:05:18 summary - counts={} top_rejections=[] strategies={}
2026-04-27 18:15:18 summary - counts={} top_rejections=[] strategies={}
2026-04-27 18:25:18 summary - counts={} top_rejections=[] strategies={}
2026-04-27 18:35:19 summary - counts={} top_rejections=[] strategies={}
2026-04-27 18:45:19 summary - counts={} top_rejections=[] strategies={}
2026-04-27 18:55:19 summary - counts={} top_rejections=[] strategies={}
2026-04-27 19:05:19 summary - counts={} top_rejections=[] strategies={}
2026-04-27 19:15:19 summary - counts={} top_rejections=[] strategies={}
2026-04-27 19:25:19 summary - counts={} top_rejections=[] strategies={}
2026-04-27 19:35:19 summary - counts={} top_rejections=[] strategies={}
2026-04-27 19:45:19 summary - counts={} top_rejections=[] strategies={}
2026-04-27 19:55:19 summary - counts={} top_rejections=[] strategies={}
2026-04-27 20:05:19 summary - counts={} top_rejections=[] strategies={}
2026-04-27 20:15:19 summary - counts={} top_rejections=[] strategies={}
2026-04-27 20:25:19 summary - counts={} top_rejections=[] strategies={}
2026-04-27 20:35:19 summary - counts={} top_rejections=[] strategies={}
2026-04-27 20:45:19 summary - counts={} top_rejections=[] strategies={}
2026-04-27 20:55:19 summary - counts={} top_rejections=[] strategies={}
2026-04-27 21:05:19 summary - counts={} top_rejections=[] strategies={}
2026-04-27 21:15:19 summary - counts={} top_rejections=[] strategies={}
2026-04-27 21:25:19 summary - counts={} top_rejections=[] strategies={}
2026-04-27 21:35:19 summary - counts={} top_rejections=[] strategies={}
2026-04-27 21:45:19 summary - counts={} top_rejections=[] strategies={}
2026-04-27 21:55:19 summary - counts={} top_rejections=[] strategies={}
2026-04-27 22:05:19 summary - counts={} top_rejections=[] strategies={}
2026-04-27 22:15:19 summary - counts={} top_rejections=[] strategies={}
2026-04-27 22:25:19 summary - counts={} top_rejections=[] strategies={}
2026-04-27 22:35:20 summary - counts={} top_rejections=[] strategies={}
2026-04-27 22:45:20 summary - counts={} top_rejections=[] strategies={}
2026-04-27 22:55:20 summary - counts={} top_rejections=[] strategies={}
2026-04-27 23:05:20 summary - counts={} top_rejections=[] strategies={}
2026-04-27 23:15:20 summary - counts={} top_rejections=[] strategies={}
2026-04-27 23:25:20 summary - counts={} top_rejections=[] strategies={}
2026-04-27 23:35:20 summary - counts={} top_rejections=[] strategies={}
2026-04-27 23:45:20 summary - counts={} top_rejections=[] strategies={}
2026-04-27 23:55:20 summary - counts={} top_rejections=[] strategies={}
2026-04-28 00:05:20 summary - counts={} top_rejections=[] strategies={}
2026-04-28 00:15:20 summary - counts={} top_rejections=[] strategies={}
2026-04-28 00:25:20 summary - counts={} top_rejections=[] strategies={}
2026-04-28 00:35:20 summary - counts={} top_rejections=[] strategies={}
2026-04-28 00:45:20 summary - counts={} top_rejections=[] strategies={}
2026-04-28 00:55:20 summary - counts={} top_rejections=[] strategies={}
2026-04-28 01:05:20 summary - counts={} top_rejections=[] strategies={}
2026-04-28 01:15:20 summary - counts={} top_rejections=[] strategies={}
2026-04-28 01:25:20 summary - counts={} top_rejections=[] strategies={}
2026-04-28 01:35:20 summary - counts={} top_rejections=[] strategies={}
2026-04-28 01:45:20 summary - counts={} top_rejections=[] strategies={}
2026-04-28 01:55:20 summary - counts={} top_rejections=[] strategies={}
2026-04-28 02:05:20 summary - counts={} top_rejections=[] strategies={}
2026-04-28 02:15:20 summary - counts={} top_rejections=[] strategies={}
2026-04-28 02:25:20 summary - counts={} top_rejections=[] strategies={}
2026-04-28 02:35:20 summary - counts={} top_rejections=[] strategies={}
2026-04-28 02:45:20 summary - counts={} top_rejections=[] strategies={}
2026-04-28 02:55:20 summary - counts={} top_rejections=[] strategies={}
2026-04-28 03:05:21 summary - counts={} top_rejections=[] strategies={}
2026-04-28 03:15:21 summary - counts={} top_rejections=[] strategies={}
2026-04-28 03:25:21 summary - counts={} top_rejections=[] strategies={}
2026-04-28 03:35:21 summary - counts={} top_rejections=[] strategies={}
2026-04-28 03:45:21 summary - counts={} top_rejections=[] strategies={}
2026-04-28 03:55:21 summary - counts={} top_rejections=[] strategies={}
2026-04-28 04:05:21 summary - counts={} top_rejections=[] strategies={}
2026-04-28 04:15:21 summary - counts={} top_rejections=[] strategies={}
2026-04-28 04:25:21 summary - counts={} top_rejections=[] strategies={}
2026-04-28 04:35:21 summary - counts={} top_rejections=[] strategies={}
2026-04-28 04:45:21 summary - counts={} top_rejections=[] strategies={}
2026-04-28 04:55:21 summary - counts={} top_rejections=[] strategies={}
2026-04-28 05:05:21 summary - counts={} top_rejections=[] strategies={}
2026-04-28 05:15:21 summary - counts={} top_rejections=[] strategies={}
2026-04-28 05:25:21 summary - counts={} top_rejections=[] strategies={}
2026-04-28 05:35:21 summary - counts={} top_rejections=[] strategies={}
2026-04-28 05:45:21 summary - counts={} top_rejections=[] strategies={}
2026-04-28 05:55:21 summary - counts={} top_rejections=[] strategies={}
2026-04-28 06:05:21 summary - counts={} top_rejections=[] strategies={}
2026-04-28 06:15:21 summary - counts={} top_rejections=[] strategies={}
2026-04-28 06:25:21 summary - counts={} top_rejections=[] strategies={}
2026-04-28 06:35:22 summary - counts={} top_rejections=[] strategies={}
2026-04-28 06:45:22 summary - counts={} top_rejections=[] strategies={}
